<?xml version="1.0" encoding="UTF-8"?>
<!-- Generated by org.testng.reporters.JUnitXMLReporter -->
<testsuite hostname="Saumya-PC" ignored="0" name="GPS Test Automation Test Cases" tests="2" failures="0" timestamp="29 Jul 2019 10:08:00 GMT" time="0.128" errors="0">
  <testcase name="@BeforeMethod setup" time="0.001" classname="com.gps.qa.testcases.GoalPageTest">
    <failure type="java.lang.NullPointerException">
      <![CDATA[java.lang.NullPointerException
at com.gps.qa.base.TestBase.init(TestBase.java:51)
at com.gps.qa.testcases.GoalPageTest.setup(GoalPageTest.java:48)
... Removed 28 stack frames]]>
    </failure>
  </testcase> <!-- @BeforeMethod setup -->
  <testcase name="@AfterMethod tearDown" time="0.0" classname="com.gps.qa.testcases.GoalPageTest">
    <skipped/>
  </testcase> <!-- @AfterMethod tearDown -->
  <testcase name="@BeforeMethod setup" time="0.001" classname="com.gps.qa.testcases.LoginPageTest">
    <failure type="java.lang.NullPointerException">
      <![CDATA[java.lang.NullPointerException
at com.gps.qa.base.TestBase.init(TestBase.java:51)
at com.gps.qa.testcases.LoginPageTest.setup(LoginPageTest.java:21)
... Removed 28 stack frames]]>
    </failure>
  </testcase> <!-- @BeforeMethod setup -->
  <testcase name="@AfterMethod tearDown" time="0.0" classname="com.gps.qa.testcases.LoginPageTest">
    <skipped/>
  </testcase> <!-- @AfterMethod tearDown -->
  <testcase name="@AfterTest afterTestEx" time="0.0" classname="com.gps.qa.testcases.GoalPageTest">
    <skipped/>
  </testcase> <!-- @AfterTest afterTestEx -->
  <testcase name="titleValidationTest" time="0.0" classname="com.gps.qa.testcases.GoalPageTest">
    <skipped/>
  </testcase> <!-- titleValidationTest -->
  <testcase name="loginTest" time="0.0" classname="com.gps.qa.testcases.LoginPageTest">
    <skipped/>
  </testcase> <!-- loginTest -->
</testsuite> <!-- GPS Test Automation Test Cases -->
